[1;32m2021-07-13 02:38:23.311 INFO  c.j.f.frontend1.Frontend1Application    :55 - Starting Frontend1Application using Java 1.8.0_292 on kowsar-ThinkPad-T460s with PID 892 (/home/kowsar/kowsar/Projects/SelfProj/job/ventura/dice-board/frontend1/target/classes started by kowsar in /home/kowsar/kowsar/Projects/SelfProj/job/ventura/dice-board)
[0m[1;36m2021-07-13 02:38:23.320 DEBUG c.j.f.frontend1.Frontend1Application    :56 - Running with Spring Boot v2.5.2, Spring v5.3.8
[0m[1;32m2021-07-13 02:38:23.321 INFO  c.j.f.frontend1.Frontend1Application    :659 - No active profile set, falling back to default profiles: dev
[0m[1;36m2021-07-13 02:38:23.343 DEBUG org.jboss.logging                       :152 - Logging Provider: org.jboss.logging.Log4j2LoggerProvider
[0m[1;32m2021-07-13 02:38:24.961 INFO  .s.d.r.c.RepositoryConfigurationDelegate:132 - Bootstrapping Spring Data JPA repositories in DEFAULT mode.
[0m[1;32m2021-07-13 02:38:24.998 INFO  .s.d.r.c.RepositoryConfigurationDelegate:201 - Finished Spring Data repository scanning in 16 ms. Found 0 JPA repository interfaces.
[0m[1;32m2021-07-13 02:38:26.178 INFO  o.s.b.w.e.tomcat.TomcatWebServer        :108 - Tomcat initialized with port(s): 8480 (http)
[0m[1;32m2021-07-13 02:38:26.195 INFO  o.a.coyote.http11.Http11NioProtocol     :173 - Initializing ProtocolHandler ["http-nio-8480"]
[0m[1;32m2021-07-13 02:38:26.196 INFO  o.a.catalina.core.StandardService       :173 - Starting service [Tomcat]
[0m[1;32m2021-07-13 02:38:26.196 INFO  o.a.catalina.core.StandardEngine        :173 - Starting Servlet engine: [Apache Tomcat/9.0.48]
[0m[1;32m2021-07-13 02:38:26.291 INFO  o.a.c.c.C.[.[localhost].[/app1]         :173 - Initializing Spring embedded WebApplicationContext
[0m[1;32m2021-07-13 02:38:26.291 INFO  w.s.c.ServletWebServerApplicationContext:290 - Root WebApplicationContext: initialization completed in 2800 ms
[0m[1;36m2021-07-13 02:38:26.323 DEBUG com.zaxxer.hikari.HikariConfig          :971 - Driver class org.h2.Driver found in Thread context class loader TomcatEmbeddedWebappClassLoader
  context: app1
  delegate: true
----------> Parent Classloader:
sun.misc.Launcher$AppClassLoader@18b4aac2

[0m[1;36m2021-07-13 02:38:26.352 DEBUG com.zaxxer.hikari.HikariConfig          :1103 - HikariPool-1 - configuration:
[0m[1;36m2021-07-13 02:38:26.355 DEBUG com.zaxxer.hikari.HikariConfig          :1135 - allowPoolSuspension................................false
[0m[1;36m2021-07-13 02:38:26.356 DEBUG com.zaxxer.hikari.HikariConfig          :1135 - autoCommit................................true
[0m[1;36m2021-07-13 02:38:26.356 DEBUG com.zaxxer.hikari.HikariConfig          :1135 - catalog................................none
[0m[1;36m2021-07-13 02:38:26.356 DEBUG com.zaxxer.hikari.HikariConfig          :1135 - connectionInitSql................................none
[0m[1;36m2021-07-13 02:38:26.357 DEBUG com.zaxxer.hikari.HikariConfig          :1135 - connectionTestQuery................................none
[0m[1;36m2021-07-13 02:38:26.357 DEBUG com.zaxxer.hikari.HikariConfig          :1135 - connectionTimeout................................30000
[0m[1;36m2021-07-13 02:38:26.357 DEBUG com.zaxxer.hikari.HikariConfig          :1135 - dataSource................................none
[0m[1;36m2021-07-13 02:38:26.358 DEBUG com.zaxxer.hikari.HikariConfig          :1135 - dataSourceClassName................................none
[0m[1;36m2021-07-13 02:38:26.358 DEBUG com.zaxxer.hikari.HikariConfig          :1135 - dataSourceJNDI................................none
[0m[1;36m2021-07-13 02:38:26.359 DEBUG com.zaxxer.hikari.HikariConfig          :1135 - dataSourceProperties................................{password=<masked>}
[0m[1;36m2021-07-13 02:38:26.359 DEBUG com.zaxxer.hikari.HikariConfig          :1135 - driverClassName................................"org.h2.Driver"
[0m[1;36m2021-07-13 02:38:26.360 DEBUG com.zaxxer.hikari.HikariConfig          :1135 - exceptionOverrideClassName................................none
[0m[1;36m2021-07-13 02:38:26.360 DEBUG com.zaxxer.hikari.HikariConfig          :1135 - healthCheckProperties................................{}
[0m[1;36m2021-07-13 02:38:26.361 DEBUG com.zaxxer.hikari.HikariConfig          :1135 - healthCheckRegistry................................none
[0m[1;36m2021-07-13 02:38:26.361 DEBUG com.zaxxer.hikari.HikariConfig          :1135 - idleTimeout................................600000
[0m[1;36m2021-07-13 02:38:26.361 DEBUG com.zaxxer.hikari.HikariConfig          :1135 - initializationFailTimeout................................1
[0m[1;36m2021-07-13 02:38:26.362 DEBUG com.zaxxer.hikari.HikariConfig          :1135 - isolateInternalQueries................................false
[0m[1;36m2021-07-13 02:38:26.362 DEBUG com.zaxxer.hikari.HikariConfig          :1135 - jdbcUrl................................jdbc:h2:mem:testdb
[0m[1;36m2021-07-13 02:38:26.362 DEBUG com.zaxxer.hikari.HikariConfig          :1135 - keepaliveTime................................0
[0m[1;36m2021-07-13 02:38:26.363 DEBUG com.zaxxer.hikari.HikariConfig          :1135 - leakDetectionThreshold................................0
[0m[1;36m2021-07-13 02:38:26.363 DEBUG com.zaxxer.hikari.HikariConfig          :1135 - maxLifetime................................1800000
[0m[1;36m2021-07-13 02:38:26.363 DEBUG com.zaxxer.hikari.HikariConfig          :1135 - maximumPoolSize................................10
[0m[1;36m2021-07-13 02:38:26.364 DEBUG com.zaxxer.hikari.HikariConfig          :1135 - metricRegistry................................none
[0m[1;36m2021-07-13 02:38:26.364 DEBUG com.zaxxer.hikari.HikariConfig          :1135 - metricsTrackerFactory................................none
[0m[1;36m2021-07-13 02:38:26.364 DEBUG com.zaxxer.hikari.HikariConfig          :1135 - minimumIdle................................10
[0m[1;36m2021-07-13 02:38:26.364 DEBUG com.zaxxer.hikari.HikariConfig          :1135 - password................................<masked>
[0m[1;36m2021-07-13 02:38:26.364 DEBUG com.zaxxer.hikari.HikariConfig          :1135 - poolName................................"HikariPool-1"
[0m[1;36m2021-07-13 02:38:26.365 DEBUG com.zaxxer.hikari.HikariConfig          :1135 - readOnly................................false
[0m[1;36m2021-07-13 02:38:26.365 DEBUG com.zaxxer.hikari.HikariConfig          :1135 - registerMbeans................................false
[0m[1;36m2021-07-13 02:38:26.366 DEBUG com.zaxxer.hikari.HikariConfig          :1135 - scheduledExecutor................................none
[0m[1;36m2021-07-13 02:38:26.366 DEBUG com.zaxxer.hikari.HikariConfig          :1135 - schema................................none
[0m[1;36m2021-07-13 02:38:26.366 DEBUG com.zaxxer.hikari.HikariConfig          :1135 - threadFactory................................internal
[0m[1;36m2021-07-13 02:38:26.366 DEBUG com.zaxxer.hikari.HikariConfig          :1135 - transactionIsolation................................default
[0m[1;36m2021-07-13 02:38:26.367 DEBUG com.zaxxer.hikari.HikariConfig          :1135 - username................................"sa"
[0m[1;36m2021-07-13 02:38:26.367 DEBUG com.zaxxer.hikari.HikariConfig          :1135 - validationTimeout................................5000
[0m[1;32m2021-07-13 02:38:26.367 INFO  com.zaxxer.hikari.HikariDataSource      :110 - HikariPool-1 - Starting...
[0m[1;36m2021-07-13 02:38:26.748 DEBUG com.zaxxer.hikari.pool.HikariPool       :565 - HikariPool-1 - Added connection conn0: url=jdbc:h2:mem:testdb user=SA
[0m[1;32m2021-07-13 02:38:26.751 INFO  com.zaxxer.hikari.HikariDataSource      :123 - HikariPool-1 - Start completed.
[0m[1;32m2021-07-13 02:38:26.762 INFO  o.s.b.a.h.H2ConsoleAutoConfiguration    :68 - H2 console available at '/h2-console'. Database available at 'jdbc:h2:mem:testdb'
[0m[1;36m2021-07-13 02:38:26.851 DEBUG com.zaxxer.hikari.pool.HikariPool       :421 - HikariPool-1 - Pool stats (total=1, active=0, idle=1, waiting=0)
[0m[1;36m2021-07-13 02:38:26.870 DEBUG com.zaxxer.hikari.pool.HikariPool       :729 - HikariPool-1 - Added connection conn1: url=jdbc:h2:mem:testdb user=SA
[0m[1;36m2021-07-13 02:38:26.871 DEBUG com.zaxxer.hikari.pool.HikariPool       :729 - HikariPool-1 - Added connection conn2: url=jdbc:h2:mem:testdb user=SA
[0m[1;36m2021-07-13 02:38:26.872 DEBUG com.zaxxer.hikari.pool.HikariPool       :729 - HikariPool-1 - Added connection conn3: url=jdbc:h2:mem:testdb user=SA
[0m[1;36m2021-07-13 02:38:26.872 DEBUG com.zaxxer.hikari.pool.HikariPool       :729 - HikariPool-1 - Added connection conn4: url=jdbc:h2:mem:testdb user=SA
[0m[1;36m2021-07-13 02:38:26.874 DEBUG com.zaxxer.hikari.pool.HikariPool       :729 - HikariPool-1 - Added connection conn5: url=jdbc:h2:mem:testdb user=SA
[0m[1;36m2021-07-13 02:38:26.875 DEBUG com.zaxxer.hikari.pool.HikariPool       :729 - HikariPool-1 - Added connection conn6: url=jdbc:h2:mem:testdb user=SA
[0m[1;36m2021-07-13 02:38:26.880 DEBUG com.zaxxer.hikari.pool.HikariPool       :729 - HikariPool-1 - Added connection conn7: url=jdbc:h2:mem:testdb user=SA
[0m[1;36m2021-07-13 02:38:26.881 DEBUG com.zaxxer.hikari.pool.HikariPool       :729 - HikariPool-1 - Added connection conn8: url=jdbc:h2:mem:testdb user=SA
[0m[1;36m2021-07-13 02:38:26.882 DEBUG com.zaxxer.hikari.pool.HikariPool       :729 - HikariPool-1 - Added connection conn9: url=jdbc:h2:mem:testdb user=SA
[0m[1;36m2021-07-13 02:38:26.883 DEBUG com.zaxxer.hikari.pool.HikariPool       :421 - HikariPool-1 - After adding stats (total=10, active=0, idle=10, waiting=0)
[0m[1;32m2021-07-13 02:38:28.236 INFO  j.LocalContainerEntityManagerFactoryBean:437 - Initialized JPA EntityManagerFactory for persistence unit 'default'
[0m[1;33m2021-07-13 02:38:28.421 WARN  JpaBaseConfiguration$JpaWebConfiguration:219 - spring.jpa.open-in-view is enabled by default. Therefore, database queries may be performed during view rendering. Explicitly configure spring.jpa.open-in-view to disable this warning
[0m[1;36m2021-07-13 02:38:28.633 DEBUG _.s.w.s.HandlerMapping.Mappings         :294 - 
	c.j.f.f.c.DiceBoardController:
	{PUT [/v1/dice-board/restart/board], consumes [application/json], produces [application/json]}: startBoard()
	{PUT [/v1/dice-board/start/board], consumes [application/json], produces [application/json]}: startBoard(BoardStartRequest)
	{GET [/v1/dice-board/roll/dice], produces [application/json]}: rollDice()
	{POST [/v1/dice-board/player/number], consumes [application/json], produces [application/json]}: getByOid(int)
[0m[1;36m2021-07-13 02:38:28.639 DEBUG _.s.w.s.HandlerMapping.Mappings         :294 - 
	o.s.b.a.w.s.e.BasicErrorController:
	{ [/error], produces [text/html]}: errorHtml(HttpServletRequest,HttpServletResponse)
	{ [/error]}: error(HttpServletRequest)
[0m[1;32m2021-07-13 02:38:28.647 INFO  o.s.b.a.w.s.WelcomePageHandlerMapping   :53 - Adding welcome page: class path resource [static/index.html]
[0m[1;36m2021-07-13 02:38:28.668 DEBUG _.s.w.s.HandlerMapping.Mappings         :86 - 'beanNameHandlerMapping' {}
[0m[1;36m2021-07-13 02:38:28.692 DEBUG _.s.w.s.HandlerMapping.Mappings         :177 - 'resourceHandlerMapping' {/webjars/**=ResourceHttpRequestHandler [Classpath [META-INF/resources/webjars/]], /**=ResourceHttpRequestHandler [Classpath [META-INF/resources/], Classpath [resources/], Classpath [static/], Classpath [public/], ServletContext [/]]}
[0m[1;36m2021-07-13 02:38:28.792 DEBUG i.n.u.i.l.InternalLoggerFactory         :63 - Using SLF4J as the default logging framework
[0m[1;36m2021-07-13 02:38:28.793 DEBUG io.netty.util.ResourceLeakDetector      :129 - -Dio.netty.leakDetection.level: simple
[0m[1;36m2021-07-13 02:38:28.793 DEBUG io.netty.util.ResourceLeakDetector      :130 - -Dio.netty.leakDetection.targetRecords: 4
[0m[1;36m2021-07-13 02:38:28.820 DEBUG reactor.util.Loggers                    :244 - Using Slf4j logging framework
[0m[1;36m2021-07-13 02:38:28.850 DEBUG i.n.util.internal.PlatformDependent0    :460 - -Dio.netty.noUnsafe: false
[0m[1;36m2021-07-13 02:38:28.850 DEBUG i.n.util.internal.PlatformDependent0    :954 - Java version: 8
[0m[1;36m2021-07-13 02:38:28.854 DEBUG i.n.util.internal.PlatformDependent0    :135 - sun.misc.Unsafe.theUnsafe: available
[0m[1;36m2021-07-13 02:38:28.857 DEBUG i.n.util.internal.PlatformDependent0    :159 - sun.misc.Unsafe.copyMemory: available
[0m[1;36m2021-07-13 02:38:28.858 DEBUG i.n.util.internal.PlatformDependent0    :202 - java.nio.Buffer.address: available
[0m[1;36m2021-07-13 02:38:28.859 DEBUG i.n.util.internal.PlatformDependent0    :272 - direct buffer constructor: available
[0m[1;36m2021-07-13 02:38:28.860 DEBUG i.n.util.internal.PlatformDependent0    :350 - java.nio.Bits.unaligned: available, true
[0m[1;36m2021-07-13 02:38:28.861 DEBUG i.n.util.internal.PlatformDependent0    :424 - jdk.internal.misc.Unsafe.allocateUninitializedArray(int): unavailable prior to Java9
[0m[1;36m2021-07-13 02:38:28.861 DEBUG i.n.util.internal.PlatformDependent0    :446 - java.nio.DirectByteBuffer.<init>(long, int): available
[0m[1;36m2021-07-13 02:38:28.861 DEBUG i.n.util.internal.PlatformDependent     :1103 - sun.misc.Unsafe: available
[0m[1;36m2021-07-13 02:38:28.861 DEBUG i.n.util.internal.PlatformDependent     :1224 - -Dio.netty.tmpdir: /tmp (java.io.tmpdir)
[0m[1;36m2021-07-13 02:38:28.862 DEBUG i.n.util.internal.PlatformDependent     :1303 - -Dio.netty.bitMode: 64 (sun.arch.data.model)
[0m[1;36m2021-07-13 02:38:28.863 DEBUG i.n.util.internal.PlatformDependent     :178 - -Dio.netty.maxDirectMemory: 4498391040 bytes
[0m[1;36m2021-07-13 02:38:28.864 DEBUG i.n.util.internal.PlatformDependent     :185 - -Dio.netty.uninitializedArrayAllocationThreshold: -1
[0m[1;36m2021-07-13 02:38:28.866 DEBUG io.netty.util.internal.CleanerJava6     :92 - java.nio.ByteBuffer.cleaner(): available
[0m[1;36m2021-07-13 02:38:28.866 DEBUG i.n.util.internal.PlatformDependent     :205 - -Dio.netty.noPreferDirect: false
[0m[1;36m2021-07-13 02:38:28.870 DEBUG reactor.netty.tcp.TcpResources          :249 - [http] resources will use the default LoopResources: DefaultLoopResources {prefix=reactor-http, daemon=true, selectCount=4, workerCount=4}
[0m[1;36m2021-07-13 02:38:28.870 DEBUG reactor.netty.tcp.TcpResources          :249 - [http] resources will use the default ConnectionProvider: reactor.netty.resources.DefaultPooledConnectionProvider@147cc940
[0m[1;32m2021-07-13 02:38:28.895 INFO  o.a.coyote.http11.Http11NioProtocol     :173 - Starting ProtocolHandler ["http-nio-8480"]
[0m[1;32m2021-07-13 02:38:28.928 INFO  o.s.b.w.e.tomcat.TomcatWebServer        :220 - Tomcat started on port(s): 8480 (http) with context path '/app1'
[0m[1;32m2021-07-13 02:38:28.942 INFO  c.j.f.frontend1.Frontend1Application    :61 - Started Frontend1Application in 6.761 seconds (JVM running for 7.865)
[0m[1;32m2021-07-13 02:38:28.947 INFO  c.j.f.frontend1.Frontend1Application    :63 - 
----------------------------------------------------------
	Application 'frontend1' is running! Access URLs:
	Local: 		http://localhost:8480/app1
	External: 	http://127.0.1.1:8480/app1
	Profile(s): 	[]
----------------------------------------------------------
[0m[1;36m2021-07-13 02:38:56.854 DEBUG com.zaxxer.hikari.pool.HikariPool       :421 - HikariPool-1 - Pool stats (total=10, active=0, idle=10, waiting=0)
[0m[1;36m2021-07-13 02:38:56.855 DEBUG com.zaxxer.hikari.pool.HikariPool       :518 - HikariPool-1 - Fill pool skipped, pool is at sufficient level.
[0m[1;32m2021-07-13 02:38:58.033 INFO  o.a.c.c.C.[.[localhost].[/app1]         :173 - Initializing Spring DispatcherServlet 'dispatcherServlet'
[0m[1;32m2021-07-13 02:38:58.034 INFO  o.s.web.servlet.DispatcherServlet       :525 - Initializing Servlet 'dispatcherServlet'
[0m[1;32m2021-07-13 02:38:58.036 INFO  o.s.web.servlet.DispatcherServlet       :547 - Completed initialization in 1 ms
[0m[1;32m2021-07-13 02:38:58.425 INFO  c.j.f.f.c.DiceBoardController           :37 - Request received for board initiation for number of player: 4
[0m[1;32m2021-07-13 02:38:58.430 INFO  c.j.f.f.c.DiceBoardController           :39 - Successfully board initiate with response: <200 OK OK,BoardInitResponse(data=Board(playerList=[Player(order=1, totalScore=0, lastScore=0, playerName=Player 1, doseDiceHolder=No, doseHitSix=No, sixAndNotFour=No), Player(order=2, totalScore=0, lastScore=0, playerName=Player 2, doseDiceHolder=No, doseHitSix=No, sixAndNotFour=No), Player(order=3, totalScore=0, lastScore=0, playerName=Player 3, doseDiceHolder=No, doseHitSix=No, sixAndNotFour=No), Player(order=4, totalScore=0, lastScore=0, playerName=Player 4, doseDiceHolder=No, doseHitSix=No, sixAndNotFour=No)], boardStatus=Initiate, boardWinnerName=, boardWinnerId=0, playerNumber=4), userMessage=Successfully board initiate),[]>
[0m[1;36m2021-07-13 02:39:26.856 DEBUG com.zaxxer.hikari.pool.HikariPool       :421 - HikariPool-1 - Pool stats (total=10, active=0, idle=10, waiting=0)
[0m[1;36m2021-07-13 02:39:26.857 DEBUG com.zaxxer.hikari.pool.HikariPool       :518 - HikariPool-1 - Fill pool skipped, pool is at sufficient level.
[0m[1;32m2021-07-13 02:39:31.683 INFO  j.LocalContainerEntityManagerFactoryBean:651 - Closing JPA EntityManagerFactory for persistence unit 'default'
[0m[1;32m2021-07-13 02:39:31.688 INFO  com.zaxxer.hikari.HikariDataSource      :350 - HikariPool-1 - Shutdown initiated...
[0m[1;36m2021-07-13 02:39:31.689 DEBUG com.zaxxer.hikari.pool.HikariPool       :421 - HikariPool-1 - Before shutdown stats (total=10, active=0, idle=10, waiting=0)
[0m[1;36m2021-07-13 02:39:31.698 DEBUG com.zaxxer.hikari.pool.PoolBase         :134 - HikariPool-1 - Closing connection conn0: url=jdbc:h2:mem:testdb user=SA: (connection evicted)
[0m[1;36m2021-07-13 02:39:31.699 DEBUG com.zaxxer.hikari.pool.PoolBase         :134 - HikariPool-1 - Closing connection conn1: url=jdbc:h2:mem:testdb user=SA: (connection evicted)
[0m[1;36m2021-07-13 02:39:31.700 DEBUG com.zaxxer.hikari.pool.PoolBase         :134 - HikariPool-1 - Closing connection conn2: url=jdbc:h2:mem:testdb user=SA: (connection evicted)
[0m[1;36m2021-07-13 02:39:31.700 DEBUG com.zaxxer.hikari.pool.PoolBase         :134 - HikariPool-1 - Closing connection conn3: url=jdbc:h2:mem:testdb user=SA: (connection evicted)
[0m[1;36m2021-07-13 02:39:31.700 DEBUG com.zaxxer.hikari.pool.PoolBase         :134 - HikariPool-1 - Closing connection conn4: url=jdbc:h2:mem:testdb user=SA: (connection evicted)
[0m[1;36m2021-07-13 02:39:31.701 DEBUG com.zaxxer.hikari.pool.PoolBase         :134 - HikariPool-1 - Closing connection conn5: url=jdbc:h2:mem:testdb user=SA: (connection evicted)
[0m[1;36m2021-07-13 02:39:31.701 DEBUG com.zaxxer.hikari.pool.PoolBase         :134 - HikariPool-1 - Closing connection conn6: url=jdbc:h2:mem:testdb user=SA: (connection evicted)
[0m[1;36m2021-07-13 02:39:31.702 DEBUG com.zaxxer.hikari.pool.PoolBase         :134 - HikariPool-1 - Closing connection conn7: url=jdbc:h2:mem:testdb user=SA: (connection evicted)
[0m[1;36m2021-07-13 02:39:31.702 DEBUG com.zaxxer.hikari.pool.PoolBase         :134 - HikariPool-1 - Closing connection conn8: url=jdbc:h2:mem:testdb user=SA: (connection evicted)
[0m[1;36m2021-07-13 02:39:31.703 DEBUG com.zaxxer.hikari.pool.PoolBase         :134 - HikariPool-1 - Closing connection conn9: url=jdbc:h2:mem:testdb user=SA: (connection evicted)
[0m[1;36m2021-07-13 02:39:31.703 DEBUG com.zaxxer.hikari.pool.HikariPool       :421 - HikariPool-1 - After shutdown stats (total=0, active=0, idle=0, waiting=0)
[0m[1;32m2021-07-13 02:39:31.704 INFO  com.zaxxer.hikari.HikariDataSource      :352 - HikariPool-1 - Shutdown completed.
[0m